# Logfile created on 2014-06-10 16:16:39 +0100 by logger.rb/44203
I, [2014-06-10T16:16:39.314743 #28154]  INFO -- : 0:  blankslate (2.1.2.4) from /Users/pmackay/.rvm/gems/ruby-2.1.0@global/specifications/blankslate-2.1.2.4.gemspec
I, [2014-06-10T16:16:39.318409 #28154]  INFO -- : 0:  timers (1.1.0) from /Users/pmackay/.rvm/gems/ruby-2.1.0@global/specifications/timers-1.1.0.gemspec
I, [2014-06-10T16:16:39.319155 #28154]  INFO -- : 0:  celluloid (0.15.2) from /Users/pmackay/.rvm/gems/ruby-2.1.0@global/specifications/celluloid-0.15.2.gemspec
I, [2014-06-10T16:16:39.319811 #28154]  INFO -- : 0:  fast-stemmer (1.0.2) from /Users/pmackay/.rvm/gems/ruby-2.1.0@global/specifications/fast-stemmer-1.0.2.gemspec
I, [2014-06-10T16:16:39.320242 #28154]  INFO -- : 0:  classifier (1.3.4) from /Users/pmackay/.rvm/gems/ruby-2.1.0@global/specifications/classifier-1.3.4.gemspec
I, [2014-06-10T16:16:39.320645 #28154]  INFO -- : 0:  coffee-script-source (1.7.0) from /Users/pmackay/.rvm/gems/ruby-2.1.0/specifications/coffee-script-source-1.7.0.gemspec
E, [2014-06-10T16:16:51.256262 #28154] ERROR -- : Gem::FilePermissionError: You don't have write permissions for the /Users/pmackay/.rvm/gems/ruby-2.1.0/bin directory.
/Users/pmackay/.rvm/gems/ruby-2.1.0@global/gems/executable-hooks-1.2.6/lib/executable-hooks/wrapper.rb:50:in `install_from'  \n/Users/pmackay/.rvm/gems/ruby-2.1.0@global/gems/executable-hooks-1.2.6/lib/executable-hooks/wrapper.rb:40:in `install'  \n/Users/pmackay/.rvm/gems/ruby-2.1.0@global/gems/executable-hooks-1.2.6/lib/rubygems_plugin.rb:16:in `block in <top (required)>'  \n/Users/pmackay/.rvm/rubies/ruby-2.1.0/lib/ruby/site_ruby/2.1.0/rubygems/installer.rb:257:in `call'  \n/Users/pmackay/.rvm/rubies/ruby-2.1.0/lib/ruby/site_ruby/2.1.0/rubygems/installer.rb:257:in `block in run_pre_install_hooks'  \n/Users/pmackay/.rvm/rubies/ruby-2.1.0/lib/ruby/site_ruby/2.1.0/rubygems/installer.rb:256:in `each'  \n/Users/pmackay/.rvm/rubies/ruby-2.1.0/lib/ruby/site_ruby/2.1.0/rubygems/installer.rb:256:in `run_pre_install_hooks'  \n/Users/pmackay/.rvm/rubies/ruby-2.1.0/lib/ruby/site_ruby/2.1.0/rubygems/installer.rb:217:in `install'  \n/Users/pmackay/.rvm/gems/ruby-2.1.0@global/gems/bundler-1.5.1/lib/bundler/source/rubygems.rb:101:in `block in install'  \n/Users/pmackay/.rvm/gems/ruby-2.1.0@global/gems/bundler-1.5.1/lib/bundler/rubygems_integration.rb:118:in `preserve_paths'  \n/Users/pmackay/.rvm/gems/ruby-2.1.0@global/gems/bundler-1.5.1/lib/bundler/source/rubygems.rb:94:in `install'  \n/Users/pmackay/.rvm/gems/ruby-2.1.0@global/gems/bundler-1.5.1/lib/bundler/installer.rb:111:in `block in install_gem_from_spec'  \n/Users/pmackay/.rvm/gems/ruby-2.1.0@global/gems/bundler-1.5.1/lib/bundler/rubygems_integration.rb:150:in `with_build_args'  \n/Users/pmackay/.rvm/gems/ruby-2.1.0@global/gems/bundler-1.5.1/lib/bundler/installer.rb:110:in `install_gem_from_spec'  \n/Users/pmackay/.rvm/gems/ruby-2.1.0@global/gems/bundler-1.5.1/lib/bundler/installer.rb:295:in `block in install_sequentially'  \n/Users/pmackay/.rvm/rubies/ruby-2.1.0/lib/ruby/2.1.0/forwardable.rb:183:in `each'  \n/Users/pmackay/.rvm/rubies/ruby-2.1.0/lib/ruby/2.1.0/forwardable.rb:183:in `each'  \n/Users/pmackay/.rvm/gems/ruby-2.1.0@global/gems/bundler-1.5.1/lib/bundler/installer.rb:294:in `install_sequentially'  \n/Users/pmackay/.rvm/gems/ruby-2.1.0@global/gems/bundler-1.5.1/lib/bundler/installer.rb:97:in `run'  \n/Users/pmackay/.rvm/gems/ruby-2.1.0@global/gems/bundler-1.5.1/lib/bundler/installer.rb:15:in `install'  \n/Users/pmackay/.rvm/gems/ruby-2.1.0@global/gems/bundler-1.5.1/lib/bundler/cli.rb:257:in `install'  \n/Users/pmackay/.rvm/gems/ruby-2.1.0@global/gems/bundler-1.5.1/lib/bundler/vendor/thor/command.rb:27:in `run'  \n/Users/pmackay/.rvm/gems/ruby-2.1.0@global/gems/bundler-1.5.1/lib/bundler/vendor/thor/invocation.rb:120:in `invoke_command'  \n/Users/pmackay/.rvm/gems/ruby-2.1.0@global/gems/bundler-1.5.1/lib/bundler/vendor/thor.rb:363:in `dispatch'  \n/Users/pmackay/.rvm/gems/ruby-2.1.0@global/gems/bundler-1.5.1/lib/bundler/vendor/thor/base.rb:438:in `start'  \n/Users/pmackay/.rvm/gems/ruby-2.1.0@global/gems/bundler-1.5.1/lib/bundler/cli.rb:10:in `start'  \n/Users/pmackay/.rvm/gems/ruby-2.1.0@global/gems/bundler-1.5.1/bin/bundle:22:in `block in <top (required)>'  \n/Users/pmackay/.rvm/gems/ruby-2.1.0@global/gems/bundler-1.5.1/lib/bundler/friendly_errors.rb:5:in `with_friendly_errors'  \n/Users/pmackay/.rvm/gems/ruby-2.1.0@global/gems/bundler-1.5.1/bin/bundle:22:in `<top (required)>'  \n/Users/pmackay/.rvm/gems/ruby-2.1.0@global/bin/bundle:23:in `load'  \n/Users/pmackay/.rvm/gems/ruby-2.1.0@global/bin/bundle:23:in `<main>'  \n/Users/pmackay/.rvm/gems/ruby-2.1.0@global/bin/ruby_executable_hooks:15:in `eval'  \n/Users/pmackay/.rvm/gems/ruby-2.1.0@global/bin/ruby_executable_hooks:15:in `<main>'
I, [2014-06-10T16:17:04.758050 #28161]  INFO -- : 0:  blankslate (2.1.2.4) from /Users/pmackay/.rvm/rubies/ruby-2.1.0/lib/ruby/gems/2.1.0/specifications/blankslate-2.1.2.4.gemspec
I, [2014-06-10T16:17:04.758509 #28161]  INFO -- : 0:  timers (1.1.0) from /Users/pmackay/.rvm/rubies/ruby-2.1.0/lib/ruby/gems/2.1.0/specifications/timers-1.1.0.gemspec
I, [2014-06-10T16:17:04.758886 #28161]  INFO -- : 0:  celluloid (0.15.2) from /Users/pmackay/.rvm/rubies/ruby-2.1.0/lib/ruby/gems/2.1.0/specifications/celluloid-0.15.2.gemspec
I, [2014-06-10T16:17:04.759260 #28161]  INFO -- : 0:  fast-stemmer (1.0.2) from /Users/pmackay/.rvm/rubies/ruby-2.1.0/lib/ruby/gems/2.1.0/specifications/fast-stemmer-1.0.2.gemspec
I, [2014-06-10T16:17:04.759584 #28161]  INFO -- : 0:  classifier (1.3.4) from /Users/pmackay/.rvm/rubies/ruby-2.1.0/lib/ruby/gems/2.1.0/specifications/classifier-1.3.4.gemspec
I, [2014-06-10T16:17:04.759941 #28161]  INFO -- : 0:  coffee-script-source (1.7.0) from /Users/pmackay/.rvm/rubies/ruby-2.1.0/lib/ruby/gems/2.1.0/specifications/coffee-script-source-1.7.0.gemspec
I, [2014-06-10T16:17:05.572154 #28161]  INFO -- : 0:  execjs (2.2.0) from /Users/pmackay/.rvm/rubies/ruby-2.1.0/lib/ruby/gems/2.1.0/specifications/execjs-2.2.0.gemspec
I, [2014-06-10T16:17:05.572650 #28161]  INFO -- : 0:  coffee-script (2.2.0) from /Users/pmackay/.rvm/rubies/ruby-2.1.0/lib/ruby/gems/2.1.0/specifications/coffee-script-2.2.0.gemspec
I, [2014-06-10T16:17:05.573012 #28161]  INFO -- : 0:  colorator (0.1) from /Users/pmackay/.rvm/rubies/ruby-2.1.0/lib/ruby/gems/2.1.0/specifications/colorator-0.1.gemspec
I, [2014-06-10T16:17:05.573328 #28161]  INFO -- : 0:  ffi (1.9.3) from /Users/pmackay/.rvm/rubies/ruby-2.1.0/lib/ruby/gems/2.1.0/specifications/ffi-1.9.3.gemspec
I, [2014-06-10T16:17:06.431316 #28161]  INFO -- : 0:  tilt (2.0.1) from /Users/pmackay/.rvm/rubies/ruby-2.1.0/lib/ruby/gems/2.1.0/specifications/tilt-2.0.1.gemspec
I, [2014-06-10T16:17:06.432120 #28161]  INFO -- : 0:  haml (4.0.5) from /Users/pmackay/.rvm/rubies/ruby-2.1.0/lib/ruby/gems/2.1.0/specifications/haml-4.0.5.gemspec
I, [2014-06-10T16:17:06.433083 #28161]  INFO -- : 0:  jekyll-coffeescript (1.0.0) from /Users/pmackay/.rvm/rubies/ruby-2.1.0/lib/ruby/gems/2.1.0/specifications/jekyll-coffeescript-1.0.0.gemspec
I, [2014-06-10T16:17:07.740698 #28161]  INFO -- : 0:  sass (3.3.8) from /Users/pmackay/.rvm/rubies/ruby-2.1.0/lib/ruby/gems/2.1.0/specifications/sass-3.3.8.gemspec
I, [2014-06-10T16:17:07.741259 #28161]  INFO -- : 0:  jekyll-sass-converter (1.0.0) from /Users/pmackay/.rvm/rubies/ruby-2.1.0/lib/ruby/gems/2.1.0/specifications/jekyll-sass-converter-1.0.0.gemspec
I, [2014-06-10T16:17:07.741849 #28161]  INFO -- : 0:  kramdown (1.3.3) from /Users/pmackay/.rvm/rubies/ruby-2.1.0/lib/ruby/gems/2.1.0/specifications/kramdown-1.3.3.gemspec
I, [2014-06-10T16:17:07.742301 #28161]  INFO -- : 0:  liquid (2.5.5) from /Users/pmackay/.rvm/rubies/ruby-2.1.0/lib/ruby/gems/2.1.0/specifications/liquid-2.5.5.gemspec
I, [2014-06-10T16:17:07.742736 #28161]  INFO -- : 0:  rb-fsevent (0.9.4) from /Users/pmackay/.rvm/rubies/ruby-2.1.0/lib/ruby/gems/2.1.0/specifications/rb-fsevent-0.9.4.gemspec
I, [2014-06-10T16:17:08.520278 #28161]  INFO -- : 0:  rb-inotify (0.9.5) from /Users/pmackay/.rvm/rubies/ruby-2.1.0/lib/ruby/gems/2.1.0/specifications/rb-inotify-0.9.5.gemspec
I, [2014-06-10T16:17:09.365104 #28161]  INFO -- : 0:  listen (2.7.7) from /Users/pmackay/.rvm/rubies/ruby-2.1.0/lib/ruby/gems/2.1.0/specifications/listen-2.7.7.gemspec
I, [2014-06-10T16:17:09.365646 #28161]  INFO -- : 0:  mercenary (0.3.3) from /Users/pmackay/.rvm/rubies/ruby-2.1.0/lib/ruby/gems/2.1.0/specifications/mercenary-0.3.3.gemspec
I, [2014-06-10T16:17:09.365996 #28161]  INFO -- : 0:  posix-spawn (0.3.8) from /Users/pmackay/.rvm/rubies/ruby-2.1.0/lib/ruby/gems/2.1.0/specifications/posix-spawn-0.3.8.gemspec
I, [2014-06-10T16:17:09.366338 #28161]  INFO -- : 0:  yajl-ruby (1.1.0) from /Users/pmackay/.rvm/rubies/ruby-2.1.0/lib/ruby/gems/2.1.0/specifications/yajl-ruby-1.1.0.gemspec
I, [2014-06-10T16:17:09.366675 #28161]  INFO -- : 0:  pygments.rb (0.5.4) from /Users/pmackay/.rvm/rubies/ruby-2.1.0/lib/ruby/gems/2.1.0/specifications/pygments.rb-0.5.4.gemspec
I, [2014-06-10T16:17:09.367010 #28161]  INFO -- : 0:  redcarpet (3.1.2) from /Users/pmackay/.rvm/rubies/ruby-2.1.0/lib/ruby/gems/2.1.0/specifications/redcarpet-3.1.2.gemspec
I, [2014-06-10T16:17:09.367346 #28161]  INFO -- : 0:  safe_yaml (1.0.3) from /Users/pmackay/.rvm/rubies/ruby-2.1.0/lib/ruby/gems/2.1.0/specifications/safe_yaml-1.0.3.gemspec
I, [2014-06-10T16:17:09.367678 #28161]  INFO -- : 0:  parslet (1.5.0) from /Users/pmackay/.rvm/rubies/ruby-2.1.0/lib/ruby/gems/2.1.0/specifications/parslet-1.5.0.gemspec
I, [2014-06-10T16:17:09.368005 #28161]  INFO -- : 0:  toml (0.1.1) from /Users/pmackay/.rvm/rubies/ruby-2.1.0/lib/ruby/gems/2.1.0/specifications/toml-0.1.1.gemspec
I, [2014-06-10T16:17:09.368335 #28161]  INFO -- : 0:  jekyll (2.0.3) from /Users/pmackay/.rvm/rubies/ruby-2.1.0/lib/ruby/gems/2.1.0/specifications/jekyll-2.0.3.gemspec
I, [2014-06-10T16:17:10.450239 #28161]  INFO -- : 0:  jekyll-haml (0.1.1) from /Users/pmackay/.rvm/rubies/ruby-2.1.0/lib/ruby/gems/2.1.0/specifications/jekyll-haml-0.1.1.gemspec
I, [2014-06-10T16:17:10.450673 #28161]  INFO -- : 0:  bundler (1.5.1) from /Users/pmackay/.rvm/rubies/ruby-2.1.0/lib/ruby/gems/2.1.0/specifications/bundler-1.5.1.gemspec
I, [2014-06-10T16:23:36.085099 #28178]  INFO -- : 0:  blankslate (2.1.2.4) from /Users/pmackay/.rvm/rubies/ruby-2.1.0/lib/ruby/gems/2.1.0/specifications/blankslate-2.1.2.4.gemspec
I, [2014-06-10T16:23:36.085597 #28178]  INFO -- : 0:  timers (1.1.0) from /Users/pmackay/.rvm/rubies/ruby-2.1.0/lib/ruby/gems/2.1.0/specifications/timers-1.1.0.gemspec
I, [2014-06-10T16:23:36.086020 #28178]  INFO -- : 0:  celluloid (0.15.2) from /Users/pmackay/.rvm/rubies/ruby-2.1.0/lib/ruby/gems/2.1.0/specifications/celluloid-0.15.2.gemspec
I, [2014-06-10T16:23:36.086438 #28178]  INFO -- : 0:  fast-stemmer (1.0.2) from /Users/pmackay/.rvm/rubies/ruby-2.1.0/lib/ruby/gems/2.1.0/specifications/fast-stemmer-1.0.2.gemspec
I, [2014-06-10T16:23:36.086841 #28178]  INFO -- : 0:  classifier (1.3.4) from /Users/pmackay/.rvm/rubies/ruby-2.1.0/lib/ruby/gems/2.1.0/specifications/classifier-1.3.4.gemspec
I, [2014-06-10T16:23:36.087359 #28178]  INFO -- : 0:  coderay (1.1.0) from /Users/pmackay/.rvm/rubies/ruby-2.1.0/lib/ruby/gems/2.1.0/specifications/coderay-1.1.0.gemspec
I, [2014-06-10T16:23:36.087877 #28178]  INFO -- : 0:  coffee-script-source (1.7.0) from /Users/pmackay/.rvm/rubies/ruby-2.1.0/lib/ruby/gems/2.1.0/specifications/coffee-script-source-1.7.0.gemspec
I, [2014-06-10T16:23:36.088292 #28178]  INFO -- : 0:  execjs (2.2.0) from /Users/pmackay/.rvm/rubies/ruby-2.1.0/lib/ruby/gems/2.1.0/specifications/execjs-2.2.0.gemspec
I, [2014-06-10T16:23:36.088732 #28178]  INFO -- : 0:  coffee-script (2.2.0) from /Users/pmackay/.rvm/rubies/ruby-2.1.0/lib/ruby/gems/2.1.0/specifications/coffee-script-2.2.0.gemspec
I, [2014-06-10T16:23:36.089297 #28178]  INFO -- : 0:  colorator (0.1) from /Users/pmackay/.rvm/rubies/ruby-2.1.0/lib/ruby/gems/2.1.0/specifications/colorator-0.1.gemspec
I, [2014-06-10T16:23:44.805791 #28178]  INFO -- : 0:  eventmachine (1.0.3) from /Users/pmackay/.rvm/rubies/ruby-2.1.0/lib/ruby/gems/2.1.0/specifications/eventmachine-1.0.3.gemspec
I, [2014-06-10T16:23:46.429044 #28178]  INFO -- : 0:  http_parser.rb (0.6.0) from /Users/pmackay/.rvm/rubies/ruby-2.1.0/lib/ruby/gems/2.1.0/specifications/http_parser.rb-0.6.0.gemspec
I, [2014-06-10T16:23:47.235930 #28178]  INFO -- : 0:  em-websocket (0.5.1) from /Users/pmackay/.rvm/rubies/ruby-2.1.0/lib/ruby/gems/2.1.0/specifications/em-websocket-0.5.1.gemspec
I, [2014-06-10T16:23:47.236554 #28178]  INFO -- : 0:  ffi (1.9.3) from /Users/pmackay/.rvm/rubies/ruby-2.1.0/lib/ruby/gems/2.1.0/specifications/ffi-1.9.3.gemspec
I, [2014-06-10T16:23:48.092707 #28178]  INFO -- : 0:  formatador (0.2.5) from /Users/pmackay/.rvm/rubies/ruby-2.1.0/lib/ruby/gems/2.1.0/specifications/formatador-0.2.5.gemspec
I, [2014-06-10T16:23:48.093365 #28178]  INFO -- : 0:  rb-fsevent (0.9.4) from /Users/pmackay/.rvm/rubies/ruby-2.1.0/lib/ruby/gems/2.1.0/specifications/rb-fsevent-0.9.4.gemspec
I, [2014-06-10T16:23:48.093854 #28178]  INFO -- : 0:  rb-inotify (0.9.5) from /Users/pmackay/.rvm/rubies/ruby-2.1.0/lib/ruby/gems/2.1.0/specifications/rb-inotify-0.9.5.gemspec
I, [2014-06-10T16:23:48.094304 #28178]  INFO -- : 0:  listen (2.7.7) from /Users/pmackay/.rvm/rubies/ruby-2.1.0/lib/ruby/gems/2.1.0/specifications/listen-2.7.7.gemspec
I, [2014-06-10T16:23:48.913908 #28178]  INFO -- : 0:  lumberjack (1.0.6) from /Users/pmackay/.rvm/rubies/ruby-2.1.0/lib/ruby/gems/2.1.0/specifications/lumberjack-1.0.6.gemspec
I, [2014-06-10T16:23:48.914439 #28178]  INFO -- : 0:  method_source (0.8.2) from /Users/pmackay/.rvm/rubies/ruby-2.1.0/lib/ruby/gems/2.1.0/specifications/method_source-0.8.2.gemspec
I, [2014-06-10T16:23:48.914828 #28178]  INFO -- : 0:  slop (3.5.0) from /Users/pmackay/.rvm/rubies/ruby-2.1.0/lib/ruby/gems/2.1.0/specifications/slop-3.5.0.gemspec
I, [2014-06-10T16:23:49.856801 #28178]  INFO -- : 0:  pry (0.10.0) from /Users/pmackay/.rvm/rubies/ruby-2.1.0/lib/ruby/gems/2.1.0/specifications/pry-0.10.0.gemspec
I, [2014-06-10T16:23:49.857438 #28178]  INFO -- : 0:  thor (0.19.1) from /Users/pmackay/.rvm/rubies/ruby-2.1.0/lib/ruby/gems/2.1.0/specifications/thor-0.19.1.gemspec
I, [2014-06-10T16:23:51.002388 #28178]  INFO -- : 0:  guard (2.6.1) from /Users/pmackay/.rvm/rubies/ruby-2.1.0/lib/ruby/gems/2.1.0/specifications/guard-2.6.1.gemspec
I, [2014-06-10T16:23:51.002923 #28178]  INFO -- : 0:  jekyll-coffeescript (1.0.0) from /Users/pmackay/.rvm/rubies/ruby-2.1.0/lib/ruby/gems/2.1.0/specifications/jekyll-coffeescript-1.0.0.gemspec
I, [2014-06-10T16:23:51.003341 #28178]  INFO -- : 0:  sass (3.3.8) from /Users/pmackay/.rvm/rubies/ruby-2.1.0/lib/ruby/gems/2.1.0/specifications/sass-3.3.8.gemspec
I, [2014-06-10T16:23:51.003739 #28178]  INFO -- : 0:  jekyll-sass-converter (1.0.0) from /Users/pmackay/.rvm/rubies/ruby-2.1.0/lib/ruby/gems/2.1.0/specifications/jekyll-sass-converter-1.0.0.gemspec
I, [2014-06-10T16:23:51.004169 #28178]  INFO -- : 0:  kramdown (1.3.3) from /Users/pmackay/.rvm/rubies/ruby-2.1.0/lib/ruby/gems/2.1.0/specifications/kramdown-1.3.3.gemspec
I, [2014-06-10T16:23:51.004551 #28178]  INFO -- : 0:  liquid (2.5.5) from /Users/pmackay/.rvm/rubies/ruby-2.1.0/lib/ruby/gems/2.1.0/specifications/liquid-2.5.5.gemspec
I, [2014-06-10T16:23:51.004915 #28178]  INFO -- : 0:  mercenary (0.3.3) from /Users/pmackay/.rvm/rubies/ruby-2.1.0/lib/ruby/gems/2.1.0/specifications/mercenary-0.3.3.gemspec
I, [2014-06-10T16:23:51.005281 #28178]  INFO -- : 0:  posix-spawn (0.3.8) from /Users/pmackay/.rvm/rubies/ruby-2.1.0/lib/ruby/gems/2.1.0/specifications/posix-spawn-0.3.8.gemspec
I, [2014-06-10T16:23:51.005642 #28178]  INFO -- : 0:  yajl-ruby (1.1.0) from /Users/pmackay/.rvm/rubies/ruby-2.1.0/lib/ruby/gems/2.1.0/specifications/yajl-ruby-1.1.0.gemspec
I, [2014-06-10T16:23:51.006003 #28178]  INFO -- : 0:  pygments.rb (0.5.4) from /Users/pmackay/.rvm/rubies/ruby-2.1.0/lib/ruby/gems/2.1.0/specifications/pygments.rb-0.5.4.gemspec
I, [2014-06-10T16:23:51.006363 #28178]  INFO -- : 0:  redcarpet (3.1.2) from /Users/pmackay/.rvm/rubies/ruby-2.1.0/lib/ruby/gems/2.1.0/specifications/redcarpet-3.1.2.gemspec
I, [2014-06-10T16:23:51.006720 #28178]  INFO -- : 0:  safe_yaml (1.0.3) from /Users/pmackay/.rvm/rubies/ruby-2.1.0/lib/ruby/gems/2.1.0/specifications/safe_yaml-1.0.3.gemspec
I, [2014-06-10T16:23:51.007082 #28178]  INFO -- : 0:  parslet (1.5.0) from /Users/pmackay/.rvm/rubies/ruby-2.1.0/lib/ruby/gems/2.1.0/specifications/parslet-1.5.0.gemspec
I, [2014-06-10T16:23:51.007454 #28178]  INFO -- : 0:  toml (0.1.1) from /Users/pmackay/.rvm/rubies/ruby-2.1.0/lib/ruby/gems/2.1.0/specifications/toml-0.1.1.gemspec
I, [2014-06-10T16:23:51.007814 #28178]  INFO -- : 0:  jekyll (2.0.3) from /Users/pmackay/.rvm/rubies/ruby-2.1.0/lib/ruby/gems/2.1.0/specifications/jekyll-2.0.3.gemspec
I, [2014-06-10T16:23:51.855687 #28178]  INFO -- : 0:  guard-jekyll-plus (1.4.9) from /Users/pmackay/.rvm/rubies/ruby-2.1.0/lib/ruby/gems/2.1.0/specifications/guard-jekyll-plus-1.4.9.gemspec
I, [2014-06-10T16:23:52.763290 #28178]  INFO -- : 0:  multi_json (1.10.1) from /Users/pmackay/.rvm/rubies/ruby-2.1.0/lib/ruby/gems/2.1.0/specifications/multi_json-1.10.1.gemspec
I, [2014-06-10T16:23:53.548422 #28178]  INFO -- : 0:  guard-livereload (2.2.0) from /Users/pmackay/.rvm/rubies/ruby-2.1.0/lib/ruby/gems/2.1.0/specifications/guard-livereload-2.2.0.gemspec
I, [2014-06-10T16:23:53.548855 #28178]  INFO -- : 0:  tilt (2.0.1) from /Users/pmackay/.rvm/rubies/ruby-2.1.0/lib/ruby/gems/2.1.0/specifications/tilt-2.0.1.gemspec
I, [2014-06-10T16:23:53.549152 #28178]  INFO -- : 0:  haml (4.0.5) from /Users/pmackay/.rvm/rubies/ruby-2.1.0/lib/ruby/gems/2.1.0/specifications/haml-4.0.5.gemspec
I, [2014-06-10T16:23:53.549434 #28178]  INFO -- : 0:  jekyll-haml (0.1.1) from /Users/pmackay/.rvm/rubies/ruby-2.1.0/lib/ruby/gems/2.1.0/specifications/jekyll-haml-0.1.1.gemspec
I, [2014-06-10T16:23:53.549680 #28178]  INFO -- : 0:  bundler (1.5.1) from /Users/pmackay/.rvm/rubies/ruby-2.1.0/lib/ruby/gems/2.1.0/specifications/bundler-1.5.1.gemspec
